<?xml version="1.0" encoding="UTF-8"?>
<!-- Generated by org.testng.reporters.JUnitReportReporter -->
<testsuite hostname="LAPTOP-65F09EPD" failures="0" tests="1" name="testClassPackage.Post_TC4" time="7.833" errors="0" timestamp="2023-06-03T22:47:40 IST" skipped="0">
  <testcase classname="testClassPackage.Post_TC4" name="execute" time="7.833"/>
  <system-out/>
</testsuite> <!-- testClassPackage.Post_TC4 -->
